<?xml version="1.0" encoding="UTF-8"?><testrun duration="7565" footerText="Generated by IntelliJ IDEA on 30/01/2020 21:30" name="All in MagasinDeSport">
    <count name="total" value="40"/>
    <count name="error" value="1"/>
    <count name="passed" value="39"/>
    <config nameIsGenerated="true" configId="JUnit" name="All in MagasinDeSport">
        <module name="MagasinDeSport"/>
        <option name="PACKAGE_NAME" value=""/>
        <option name="TEST_OBJECT" value="package"/>
        <option name="WORKING_DIRECTORY" value="C:/Users/kanti/Desktop/MagasinDeSport"/>
        <option name="TEST_SEARCH_SCOPE">
            <value defaultName="moduleWithDependencies"/>
        </option>
    </config>
    <root name="&lt;default package&gt;" location="java:suite://&lt;default package&gt;">
        <output type="stdout">&amp;quot;C:\Program Files\JetBrains\IntelliJ IDEA 2019.3\jbr11.04\bin\java.exe&amp;quot; -ea -Didea.test.cyclic.buffer.size=1048576 &amp;quot;-javaagent:C:\Program Files\JetBrains\IntelliJ IDEA 2019.3\lib\idea_rt.jar=65004:C:\Program Files\JetBrains\IntelliJ IDEA 2019.3\bin&amp;quot; -Dfile.encoding=UTF-8 -classpath &amp;quot;C:\Program Files\JetBrains\IntelliJ IDEA 2019.3\lib\idea_rt.jar;C:\Program Files\JetBrains\IntelliJ IDEA 2019.3\plugins\junit\lib\junit5-rt.jar;C:\Program Files\JetBrains\IntelliJ IDEA 2019.3\plugins\junit\lib\junit-rt.jar;C:\Users\kanti\Desktop\MagasinDeSport\out\test\MagasinDeSport;C:\Users\kanti\Desktop\MagasinDeSport\out\production\MagasinDeSport;C:\Users\kanti\Desktop\MagasinDeSport\mysql-connector-java-8.0.18.jar;C:\Users\kanti\Desktop\MagasinDeSport\jfoenix-9.0.8.jar;C:\Users\kanti\Desktop\MagasinDeSport\hibernate required\antlr-2.7.7.jar;C:\Users\kanti\Desktop\MagasinDeSport\hibernate required\byte-buddy-1.10.2.jar;C:\Users\kanti\Desktop\MagasinDeSport\hibernate required\FastInfoset-1.2.15.jar;C:\Users\kanti\Desktop\MagasinDeSport\hibernate required\classmate-1.5.1.jar;C:\Users\kanti\Desktop\MagasinDeSport\hibernate required\dom4j-2.1.1.jar;C:\Users\kanti\Desktop\MagasinDeSport\hibernate required\hibernate-commons-annotations-5.1.0.Final.jar;C:\Users\kanti\Desktop\MagasinDeSport\hibernate required\hibernate-core-5.4.10.Final.jar;C:\Users\kanti\Desktop\MagasinDeSport\hibernate required\istack-commons-runtime-3.0.7.jar;C:\Users\kanti\Desktop\MagasinDeSport\hibernate required\jandex-2.1.1.Final.jar;C:\Users\kanti\Desktop\MagasinDeSport\hibernate required\javassist-3.24.0-GA.jar;C:\Users\kanti\Desktop\MagasinDeSport\hibernate required\javax.activation-api-1.2.0.jar;C:\Users\kanti\Desktop\MagasinDeSport\hibernate required\javax.persistence-api-2.2.jar;C:\Users\kanti\Desktop\MagasinDeSport\hibernate required\jaxb-api-2.3.1.jar;C:\Users\kanti\Desktop\MagasinDeSport\hibernate required\jaxb-runtime-2.3.1.jar;C:\Users\kanti\Desktop\MagasinDeSport\hibernate required\jboss-logging-3.3.2.Final.jar;C:\Users\kanti\Desktop\MagasinDeSport\hibernate required\jboss-transaction-api_1.2_spec-1.1.1.Final.jar;C:\Users\kanti\Desktop\MagasinDeSport\hibernate required\stax-ex-1.8.jar;C:\Users\kanti\Desktop\MagasinDeSport\hibernate required\txw2-2.3.1.jar;C:\Users\kanti\.m2\repository\org\junit\jupiter\junit-jupiter-api\5.6.0\junit-jupiter-api-5.6.0.jar;C:\Users\kanti\.m2\repository\org\apiguardian\apiguardian-api\1.1.0\apiguardian-api-1.1.0.jar;C:\Users\kanti\.m2\repository\org\opentest4j\opentest4j\1.2.0\opentest4j-1.2.0.jar;C:\Users\kanti\.m2\repository\org\junit\platform\junit-platform-commons\1.6.0\junit-platform-commons-1.6.0.jar;C:\Users\kanti\.m2\repository\com\google\code\maven-play-plugin\com\google\code\eamelink-mockito\mockito-all\1.9.1-20110911\mockito-all-1.9.1-20110911.jar;C:\Users\kanti\.m2\repository\junit\junit\4.12\junit-4.12.jar;C:\Users\kanti\.m2\repository\org\hamcrest\hamcrest-core\1.3\hamcrest-core-1.3.jar;C:\Users\kanti\.m2\repository\org\testfx\testfx-junit\4.0.6-alpha\testfx-junit-4.0.6-alpha.jar;C:\Users\kanti\.m2\repository\org\testfx\testfx-core\4.0.6-alpha\testfx-core-4.0.6-alpha.jar;C:\Users\kanti\.m2\repository\com\google\guava\guava\21.0\guava-21.0.jar;C:\Users\kanti\.m2\repository\com\google\code\findbugs\annotations\3.0.1u2\annotations-3.0.1u2.jar;C:\Users\kanti\.m2\repository\net\jcip\jcip-annotations\1.0\jcip-annotations-1.0.jar;C:\Users\kanti\.m2\repository\com\google\code\findbugs\jsr305\3.0.1\jsr305-3.0.1.jar;C:\Users\kanti\Desktop\MagasinDeSport\controlsfx-11.0.1.jar;C:\Users\kanti\.m2\repository\org\junit\platform\junit-platform-launcher\1.6.0\junit-platform-launcher-1.6.0.jar;C:\Users\kanti\.m2\repository\org\junit\platform\junit-platform-engine\1.6.0\junit-platform-engine-1.6.0.jar;C:\Users\kanti\.m2\repository\org\junit\jupiter\junit-jupiter-engine\5.6.0\junit-jupiter-engine-5.6.0.jar;C:\Users\kanti\.m2\repository\org\junit\vintage\junit-vintage-engine\5.6.0\junit-vintage-engine-5.6.0.jar;C:\Users\kanti\.m2\repository\junit\junit\4.13\junit-4.13.jar&amp;quot; com.intellij.rt.junit.JUnitStarter -ideVersion5 -junit5 @w@C:\Users\kanti\AppData\Local\Temp\idea_working_dirs_junit.tmp @C:\Users\kanti\AppData\Local\Temp\idea_junit.tmp -socket65003
Process finished with exit code -1
</output>
    </root>
    <suite duration="6967" name="JUnit Vintage" status="error">
        <suite duration="6967" locationUrl="java:suite://PageConnexionControleurTest" name="PageConnexionControleurTest" status="error">
            <test duration="6967" locationUrl="java:test://PageConnexionControleurTest/cliquerSurSeConnecterSansNomUtilisateur" name="cliquerSurSeConnecterSansNomUtilisateur" metainfo="" status="error">
                <output type="stderr">janv. 30, 2020 9:30:01 PM org.hibernate.jpa.internal.util.LogHelper logPersistenceUnitInformation
INFO: HHH000204: Processing PersistenceUnitInfo [name: magasinSport]
janv. 30, 2020 9:30:01 PM org.hibernate.Version logVersion
INFO: HHH000412: Hibernate Core {5.4.10.Final}
janv. 30, 2020 9:30:01 PM org.hibernate.annotations.common.reflection.java.JavaReflectionManager &amp;lt;clinit&amp;gt;
INFO: HCANN000001: Hibernate Commons Annotations {5.1.0.Final}
janv. 30, 2020 9:30:02 PM org.hibernate.engine.jdbc.connections.internal.DriverManagerConnectionProviderImpl configure
WARN: HHH10001002: Using Hibernate built-in connection pool (not for production use!)
janv. 30, 2020 9:30:02 PM org.hibernate.engine.jdbc.connections.internal.DriverManagerConnectionProviderImpl buildCreator
INFO: HHH10001005: using driver [com.mysql.cj.jdbc.Driver] at URL [jdbc:mysql://localhost:3306/magasin?serverTimezone=UTC]
janv. 30, 2020 9:30:02 PM org.hibernate.engine.jdbc.connections.internal.DriverManagerConnectionProviderImpl buildCreator
INFO: HHH10001001: Connection properties: {password=****, user=root}
janv. 30, 2020 9:30:02 PM org.hibernate.engine.jdbc.connections.internal.DriverManagerConnectionProviderImpl buildCreator
INFO: HHH10001003: Autocommit mode: false
janv. 30, 2020 9:30:02 PM org.hibernate.engine.jdbc.connections.internal.DriverManagerConnectionProviderImpl$PooledConnections &amp;lt;init&amp;gt;
INFO: HHH000115: Hibernate connection pool size: 10 (min=1)
janv. 30, 2020 9:30:02 PM org.hibernate.dialect.Dialect &amp;lt;init&amp;gt;
INFO: HHH000400: Using dialect: org.hibernate.dialect.MySQL5Dialect
janv. 30, 2020 9:30:04 PM org.hibernate.engine.transaction.jta.platform.internal.JtaPlatformInitiator initiateService
INFO: HHH000490: Using JtaPlatform implementation: [org.hibernate.engine.transaction.jta.platform.internal.NoJtaPlatform]
janv. 30, 2020 9:30:04 PM javafx.fxml.FXMLLoader$ValueElement processValue
AVERTISSEMENT: Loading FXML document with JavaFX API of version 11.0.1 by JavaFX runtime of version 10.0.2-internal
</output>
                <output type="stdout"/>
                <output type="stderr">java.lang.NoSuchMethodError: &amp;#39;java.util.Iterator javafx.stage.Window.impl_getWindows()&amp;#39;
&#13;
	at org.testfx.service.finder.impl.WindowFinderImpl.fetchWindowsInQueue(WindowFinderImpl.java:141)&#13;
	at org.testfx.service.finder.impl.WindowFinderImpl.fetchWindowsByProximityTo(WindowFinderImpl.java:146)&#13;
	at org.testfx.service.finder.impl.WindowFinderImpl.listTargetWindows(WindowFinderImpl.java:71)&#13;
	at org.testfx.service.finder.impl.NodeFinderImpl.rootsOfWindows(NodeFinderImpl.java:115)&#13;
	at org.testfx.service.finder.impl.NodeFinderImpl.fromAll(NodeFinderImpl.java:77)&#13;
	at org.testfx.service.finder.impl.NodeFinderImpl.lookup(NodeFinderImpl.java:62)&#13;
	at org.testfx.api.FxRobot.lookup(FxRobot.java:213)&#13;
	at org.testfx.api.FxRobot.pointOfVisibleNode(FxRobot.java:1075)&#13;
	at org.testfx.api.FxRobot.clickOn(FxRobot.java:750)&#13;
	at org.testfx.api.FxRobot.clickOn(FxRobot.java:60)&#13;
	at org.testfx.api.FxRobotInterface.clickOn(FxRobotInterface.java:638)&#13;
	at PageConnexionControleurTest.cliquerSurSeConnecterSansNomUtilisateur(PageConnexionControleurTest.java:37)&#13;
	at java.base/jdk.internal.reflect.NativeMethodAccessorImpl.invoke0(Native Method)&#13;
	at java.base/jdk.internal.reflect.NativeMethodAccessorImpl.invoke(NativeMethodAccessorImpl.java:62)&#13;
	at java.base/jdk.internal.reflect.DelegatingMethodAccessorImpl.invoke(DelegatingMethodAccessorImpl.java:43)&#13;
	at java.base/java.lang.reflect.Method.invoke(Method.java:566)&#13;
	at org.junit.runners.model.FrameworkMethod$1.runReflectiveCall(FrameworkMethod.java:50)&#13;
	at org.junit.internal.runners.model.ReflectiveCallable.run(ReflectiveCallable.java:12)&#13;
	at org.junit.runners.model.FrameworkMethod.invokeExplosively(FrameworkMethod.java:47)&#13;
	at org.junit.internal.runners.statements.InvokeMethod.evaluate(InvokeMethod.java:17)&#13;
	at org.junit.internal.runners.statements.RunBefores.evaluate(RunBefores.java:26)&#13;
	at org.junit.internal.runners.statements.RunAfters.evaluate(RunAfters.java:27)&#13;
	at org.junit.runners.ParentRunner.runLeaf(ParentRunner.java:325)&#13;
	at org.junit.runners.BlockJUnit4ClassRunner.runChild(BlockJUnit4ClassRunner.java:78)&#13;
	at org.junit.runners.BlockJUnit4ClassRunner.runChild(BlockJUnit4ClassRunner.java:57)&#13;
	at org.junit.runners.ParentRunner$3.run(ParentRunner.java:290)&#13;
	at org.junit.runners.ParentRunner$1.schedule(ParentRunner.java:71)&#13;
	at org.junit.runners.ParentRunner.runChildren(ParentRunner.java:288)&#13;
	at org.junit.runners.ParentRunner.access$000(ParentRunner.java:58)&#13;
	at org.junit.runners.ParentRunner$2.evaluate(ParentRunner.java:268)&#13;
	at org.junit.runners.ParentRunner.run(ParentRunner.java:363)&#13;
	at org.junit.runner.JUnitCore.run(JUnitCore.java:137)&#13;
	at org.junit.runner.JUnitCore.run(JUnitCore.java:115)&#13;
	at org.junit.vintage.engine.execution.RunnerExecutor.execute(RunnerExecutor.java:43)&#13;
	at java.base/java.util.stream.ForEachOps$ForEachOp$OfRef.accept(ForEachOps.java:183)&#13;
	at java.base/java.util.stream.ReferencePipeline$3$1.accept(ReferencePipeline.java:195)&#13;
	at java.base/java.util.Iterator.forEachRemaining(Iterator.java:133)&#13;
	at java.base/java.util.Spliterators$IteratorSpliterator.forEachRemaining(Spliterators.java:1801)&#13;
	at java.base/java.util.stream.AbstractPipeline.copyInto(AbstractPipeline.java:484)&#13;
	at java.base/java.util.stream.AbstractPipeline.wrapAndCopyInto(AbstractPipeline.java:474)&#13;
	at java.base/java.util.stream.ForEachOps$ForEachOp.evaluateSequential(ForEachOps.java:150)&#13;
	at java.base/java.util.stream.ForEachOps$ForEachOp$OfRef.evaluateSequential(ForEachOps.java:173)&#13;
	at java.base/java.util.stream.AbstractPipeline.evaluate(AbstractPipeline.java:234)&#13;
	at java.base/java.util.stream.ReferencePipeline.forEach(ReferencePipeline.java:497)&#13;
	at org.junit.vintage.engine.VintageTestEngine.executeAllChildren(VintageTestEngine.java:82)&#13;
	at org.junit.vintage.engine.VintageTestEngine.execute(VintageTestEngine.java:73)&#13;
	at org.junit.platform.launcher.core.DefaultLauncher.execute(DefaultLauncher.java:248)&#13;
	at org.junit.platform.launcher.core.DefaultLauncher.lambda$execute$5(DefaultLauncher.java:211)&#13;
	at org.junit.platform.launcher.core.DefaultLauncher.withInterceptedStreams(DefaultLauncher.java:226)&#13;
	at org.junit.platform.launcher.core.DefaultLauncher.execute(DefaultLauncher.java:199)&#13;
	at org.junit.platform.launcher.core.DefaultLauncher.execute(DefaultLauncher.java:132)&#13;
	at com.intellij.junit5.JUnit5IdeaTestRunner.startRunnerWithArgs(JUnit5IdeaTestRunner.java:69)&#13;
	at com.intellij.rt.junit.IdeaTestRunner$Repeater.startRunnerWithArgs(IdeaTestRunner.java:33)&#13;
	at com.intellij.rt.junit.JUnitStarter.prepareStreamsAndStart(JUnitStarter.java:230)&#13;
	at com.intellij.rt.junit.JUnitStarter.main(JUnitStarter.java:58)&#13;
</output>
            </test>
        </suite>
    </suite>
    <suite duration="598" name="JUnit Jupiter" status="passed">
        <suite duration="123" locationUrl="java:suite://BoiteAOutilsTest" name="BoiteAOutilsTest" status="passed">
            <test duration="56" locationUrl="java:test://BoiteAOutilsTest/la_chaine_ne_comporte_pas_un_caractere_special" name="la_chaine_ne_comporte_pas_un_caractere_special()" metainfo="" status="passed">
                <output type="stdout"/>
            </test>
            <test duration="1" locationUrl="java:test://BoiteAOutilsTest/le_formatage_dun_mdp_est_incorrect" name="le_formatage_dun_mdp_est_incorrect()" metainfo="" status="passed">
                <output type="stdout"/>
            </test>
            <test duration="39" locationUrl="java:test://BoiteAOutilsTest/formaterCasseTest" name="formaterCasseTest()" metainfo="" status="passed">
                <output type="stdout"/>
            </test>
            <test duration="4" locationUrl="java:test://BoiteAOutilsTest/estUnNombreValableEntierTest" name="estUnNombreValableEntierTest()" metainfo="" status="passed">
                <output type="stdout"/>
            </test>
            <test locationUrl="java:test://BoiteAOutilsTest/le_formatage_dun_mdp_est_correct" name="le_formatage_dun_mdp_est_correct()" metainfo="" status="passed">
                <output type="stdout"/>
            </test>
            <test duration="1" locationUrl="java:test://BoiteAOutilsTest/la_chaine_comporte_un_caractere_special" name="la_chaine_comporte_un_caractere_special()" metainfo="" status="passed">
                <output type="stdout"/>
            </test>
            <test duration="1" locationUrl="java:test://BoiteAOutilsTest/estUnNombreValableTest" name="estUnNombreValableTest()" metainfo="" status="passed">
                <output type="stdout"/>
            </test>
            <test duration="21" locationUrl="java:test://BoiteAOutilsTest/supprimerEspaceTest" name="supprimerEspaceTest()" metainfo="" status="passed">
                <output type="stdout"/>
            </test>
        </suite>
        <suite duration="355" locationUrl="java:suite://ChefMagasinDAOTest" name="ChefMagasinDAOTest" status="passed">
            <test duration="351" locationUrl="java:test://ChefMagasinDAOTest/modifier_un_chef_de_magasin_test" name="modifier_un_chef_de_magasin_test()" metainfo="" status="passed">
                <output type="stderr">WARNING: An illegal reflective access operation has occurred
WARNING: Illegal reflective access by org.mockito.cglib.core.ReflectUtils$2 (file:/C:/Users/kanti/.m2/repository/com/google/code/maven-play-plugin/com/google/code/eamelink-mockito/mockito-all/1.9.1-20110911/mockito-all-1.9.1-20110911.jar) to method java.lang.ClassLoader.defineClass(java.lang.String,byte[],int,int,java.security.ProtectionDomain)
WARNING: Please consider reporting this to the maintainers of org.mockito.cglib.core.ReflectUtils$2
WARNING: Use --illegal-access=warn to enable warnings of further illegal reflective access operations
WARNING: All illegal access operations will be denied in a future release
</output>
                <output type="stdout"/>
            </test>
            <test duration="4" locationUrl="java:test://ChefMagasinDAOTest/recuperer_un_chef_de_magasin_test" name="recuperer_un_chef_de_magasin_test()" metainfo="" status="passed">
                <output type="stdout"/>
            </test>
        </suite>
        <suite duration="38" locationUrl="java:suite://MagasinDAOTest" name="MagasinDAOTest" status="passed">
            <test duration="4" locationUrl="java:test://MagasinDAOTest/modifier_rayon_du_magasin" name="modifier_rayon_du_magasin()" metainfo="" status="passed">
                <output type="stdout"/>
            </test>
            <test duration="6" locationUrl="java:test://MagasinDAOTest/recuperer_rayon_du_magasin" name="recuperer_rayon_du_magasin()" metainfo="" status="passed">
                <output type="stdout"/>
            </test>
            <test duration="5" locationUrl="java:test://MagasinDAOTest/trouver_un_rayon_avec_son_nom" name="trouver_un_rayon_avec_son_nom()" metainfo="" status="passed">
                <output type="stdout"/>
            </test>
            <test duration="3" locationUrl="java:test://MagasinDAOTest/supprimer_rayon_dans_la_liste_rayon" name="supprimer_rayon_dans_la_liste_rayon()" metainfo="" status="passed">
                <output type="stdout"/>
            </test>
            <test duration="11" locationUrl="java:test://MagasinDAOTest/rayon_ajouter_au_magasin" name="rayon_ajouter_au_magasin()" metainfo="" status="passed">
                <output type="stdout"/>
            </test>
            <test duration="6" locationUrl="java:test://MagasinDAOTest/rayon_supprimer_du_magasin" name="rayon_supprimer_du_magasin()" metainfo="" status="passed">
                <output type="stdout"/>
            </test>
            <test duration="3" locationUrl="java:test://MagasinDAOTest/ajouter_rayon_dans_la_liste_rayon" name="ajouter_rayon_dans_la_liste_rayon()" metainfo="" status="passed">
                <output type="stdout"/>
            </test>
        </suite>
        <suite duration="21" locationUrl="java:suite://ConnexionDAOTest" name="ConnexionDAOTest" status="passed">
            <test duration="4" locationUrl="java:test://ConnexionDAOTest/motDePasse_associe_a_un_identifiant_est_correct" name="motDePasse_associe_a_un_identifiant_est_correct()" metainfo="" status="passed">
                <output type="stdout"/>
            </test>
            <test duration="4" locationUrl="java:test://ConnexionDAOTest/identifiant_correct" name="identifiant_correct()" metainfo="" status="passed">
                <output type="stdout"/>
            </test>
            <test duration="4" locationUrl="java:test://ConnexionDAOTest/devrait_etre_un_chef_qui_se_connecte" name="devrait_etre_un_chef_qui_se_connecte()" metainfo="" status="passed">
                <output type="stdout"/>
            </test>
            <test duration="5" locationUrl="java:test://ConnexionDAOTest/motDePasse_associe_a_un_identifiant_est_incorrect" name="motDePasse_associe_a_un_identifiant_est_incorrect()" metainfo="" status="passed">
                <output type="stdout"/>
            </test>
            <test duration="2" locationUrl="java:test://ConnexionDAOTest/devrait_etre_un_vendeur_qui_se_connecte" name="devrait_etre_un_vendeur_qui_se_connecte()" metainfo="" status="passed">
                <output type="stdout"/>
            </test>
            <test duration="2" locationUrl="java:test://ConnexionDAOTest/identifiant_incorrect" name="identifiant_incorrect()" metainfo="" status="passed">
                <output type="stdout"/>
            </test>
        </suite>
        <suite duration="33" locationUrl="java:suite://RayonDaoTest" name="RayonDaoTest" status="passed">
            <test duration="3" locationUrl="java:test://RayonDaoTest/modifier_article_du_rayon" name="modifier_article_du_rayon()" metainfo="" status="passed">
                <output type="stdout"/>
            </test>
            <test duration="3" locationUrl="java:test://RayonDaoTest/supprimer_article_dans_la_liste_article" name="supprimer_article_dans_la_liste_article()" metainfo="" status="passed">
                <output type="stdout"/>
            </test>
            <test duration="3" locationUrl="java:test://RayonDaoTest/transferer_un_article_reserve" name="transferer_un_article_reserve()" metainfo="" status="passed">
                <output type="stdout"/>
            </test>
            <test duration="4" locationUrl="java:test://RayonDaoTest/transferer_un_article" name="transferer_un_article()" metainfo="" status="passed">
                <output type="stdout"/>
            </test>
            <test locationUrl="java:test://RayonDaoTest/reserver_un_article" name="reserver_un_article()" metainfo="" status="passed">
                <output type="stdout"/>
            </test>
            <test duration="8" locationUrl="java:test://RayonDaoTest/article_supprimer_du_rayon" name="article_supprimer_du_rayon()" metainfo="" status="passed">
                <output type="stdout"/>
            </test>
            <test duration="5" locationUrl="java:test://RayonDaoTest/recuperer_article_du_rayon" name="recuperer_article_du_rayon()" metainfo="" status="passed">
                <output type="stdout"/>
            </test>
            <test duration="2" locationUrl="java:test://RayonDaoTest/ajouter_article_dans_la_liste_article_test" name="ajouter_article_dans_la_liste_article_test()" metainfo="" status="passed">
                <output type="stdout"/>
            </test>
            <test duration="5" locationUrl="java:test://RayonDaoTest/article_ajouter_au_rayon" name="article_ajouter_au_rayon()" metainfo="" status="passed">
                <output type="stdout"/>
            </test>
        </suite>
        <suite duration="28" locationUrl="java:suite://VendeurDAOTest" name="VendeurDAOTest" status="passed">
            <test duration="5" locationUrl="java:test://VendeurDAOTest/supprimer_un_vendeur" name="supprimer_un_vendeur()" metainfo="" status="passed">
                <output type="stdout"/>
            </test>
            <test duration="7" locationUrl="java:test://VendeurDAOTest/recuperer_vendeur" name="recuperer_vendeur()" metainfo="" status="passed">
                <output type="stdout"/>
            </test>
            <test duration="5" locationUrl="java:test://VendeurDAOTest/trouver_vendeur_avec_son_identifiant" name="trouver_vendeur_avec_son_identifiant()" metainfo="" status="passed">
                <output type="stdout"/>
            </test>
            <test duration="3" locationUrl="java:test://VendeurDAOTest/creer_un_vendeur_test" name="creer_un_vendeur_test()" metainfo="" status="passed">
                <output type="stdout"/>
            </test>
            <test duration="2" locationUrl="java:test://VendeurDAOTest/ajouter_vendeur_dans_la_liste_vendeur_test" name="ajouter_vendeur_dans_la_liste_vendeur_test()" metainfo="" status="passed">
                <output type="stdout"/>
            </test>
            <test duration="5" locationUrl="java:test://VendeurDAOTest/modifier_vendeur" name="modifier_vendeur()" metainfo="" status="passed">
                <output type="stdout"/>
            </test>
            <test duration="1" locationUrl="java:test://VendeurDAOTest/supprimer_vendeur_dans_la_liste_vendeur" name="supprimer_vendeur_dans_la_liste_vendeur()" metainfo="" status="passed">
                <output type="stdout"/>
            </test>
        </suite>
    </suite>
</testrun>
